# JRE version: Java(TM) SE Runtime Environment (7.0_45-b18) (build 1.7.0_45-b18)
# Java VM: Java HotSpot(TM) Server VM (24.45-b08 mixed mode linux-x86 )
Heap
 PSYoungGen      total 141568K, used 18940K [0x9df80000, 0xa8080000, 0xb3500000)
  eden space 122624K, 0% used [0x9df80000,0x9df80000,0xa5740000)
  from space 18944K, 99% used [0xa5740000,0xa69bf288,0xa69c0000)
  to   space 14592K, 0% used [0xa69c0000,0xa69c0000,0xa7800000)
 ParOldGen       total 41984K, used 40939K [0x73500000, 0x75e00000, 0x9df80000)
  object space 41984K, 97% used [0x73500000,0x75cfada8,0x75e00000)
 PSPermGen       total 16384K, used 3742K [0x6f500000, 0x70500000, 0x73500000)
  object space 16384K, 22% used [0x6f500000,0x6f8a79f8,0x70500000)
GC Heap History (10 events):
Event: 6.387 GC heap after
Heap after GC invocations=4 (full 0):
 PSYoungGen      total 34816K, used 2546K [0x9df80000, 0xa0400000, 0xb3500000)
  eden space 32256K, 0% used [0x9df80000,0x9df80000,0x9ff00000)
  from space 2560K, 99% used [0xa0180000,0xa03fc910,0xa0400000)
  to   space 2560K, 0% used [0x9ff00000,0x9ff00000,0xa0180000)
 ParOldGen       total 41984K, used 8700K [0x73500000, 0x75e00000, 0x9df80000)
  object space 41984K, 20% used [0x73500000,0x73d7f098,0x75e00000)
 PSPermGen       total 16384K, used 3656K [0x6f500000, 0x70500000, 0x73500000)
  object space 16384K, 22% used [0x6f500000,0x6f8920d8,0x70500000)
}
Event: 8.234 GC heap before
{Heap before GC invocations=5 (full 0):
 PSYoungGen      total 34816K, used 34802K [0x9df80000, 0xa0400000, 0xb3500000)
  eden space 32256K, 100% used [0x9df80000,0x9ff00000,0x9ff00000)
  from space 2560K, 99% used [0xa0180000,0xa03fc910,0xa0400000)
  to   space 2560K, 0% used [0x9ff00000,0x9ff00000,0xa0180000)
 ParOldGen       total 41984K, used 8700K [0x73500000, 0x75e00000, 0x9df80000)
  object space 41984K, 20% used [0x73500000,0x73d7f098,0x75e00000)
 PSPermGen       total 16384K, used 3674K [0x6f500000, 0x70500000, 0x73500000)
  object space 16384K, 22% used [0x6f500000,0x6f896ae8,0x70500000)
Event: 8.274 GC heap after
Heap after GC invocations=5 (full 0):
 PSYoungGen      total 34816K, used 2558K [0x9df80000, 0xa2e00000, 0xb3500000)
  eden space 32256K, 0% used [0x9df80000,0x9df80000,0x9ff00000)
  from space 2560K, 99% used [0x9ff00000,0xa017f808,0xa0180000)
  to   space 7936K, 0% used [0xa2640000,0xa2640000,0xa2e00000)
 ParOldGen       total 41984K, used 14240K [0x73500000, 0x75e00000, 0x9df80000)
  object space 41984K, 33% used [0x73500000,0x742e8078,0x75e00000)
 PSPermGen       total 16384K, used 3674K [0x6f500000, 0x70500000, 0x73500000)
  object space 16384K, 22% used [0x6f500000,0x6f896ae8,0x70500000)
}
Event: 10.103 GC heap before
{Heap before GC invocations=6 (full 0):
 PSYoungGen      total 34816K, used 34814K [0x9df80000, 0xa2e00000, 0xb3500000)
  eden space 32256K, 100% used [0x9df80000,0x9ff00000,0x9ff00000)
  from space 2560K, 99% used [0x9ff00000,0xa017f808,0xa0180000)
  to   space 7936K, 0% used [0xa2640000,0xa2640000,0xa2e00000)
 ParOldGen       total 41984K, used 14240K [0x73500000, 0x75e00000, 0x9df80000)
  object space 41984K, 33% used [0x73500000,0x742e8078,0x75e00000)
 PSPermGen       total 16384K, used 3688K [0x6f500000, 0x70500000, 0x73500000)
  object space 16384K, 22% used [0x6f500000,0x6f89a0f0,0x70500000)
Event: 10.136 GC heap after
Heap after GC invocations=6 (full 0):
 PSYoungGen      total 71424K, used 7929K [0x9df80000, 0xa3000000, 0xb3500000)
  eden space 63488K, 0% used [0x9df80000,0x9df80000,0xa1d80000)
  from space 7936K, 99% used [0xa2640000,0xa2dfe540,0xa2e00000)
  to   space 8960K, 0% used [0xa1d80000,0xa1d80000,0xa2640000)
 ParOldGen       total 41984K, used 14378K [0x73500000, 0x75e00000, 0x9df80000)
  object space 41984K, 34% used [0x73500000,0x7430a9d8,0x75e00000)
 PSPermGen       total 16384K, used 3688K [0x6f500000, 0x70500000, 0x73500000)
  object space 16384K, 22% used [0x6f500000,0x6f89a0f0,0x70500000)
}
Event: 13.917 GC heap before
{Heap before GC invocations=7 (full 0):
 PSYoungGen      total 71424K, used 71417K [0x9df80000, 0xa3000000, 0xb3500000)
  eden space 63488K, 100% used [0x9df80000,0xa1d80000,0xa1d80000)
  from space 7936K, 99% used [0xa2640000,0xa2dfe540,0xa2e00000)
  to   space 8960K, 0% used [0xa1d80000,0xa1d80000,0xa2640000)
 ParOldGen       total 41984K, used 14378K [0x73500000, 0x75e00000, 0x9df80000)
  object space 41984K, 34% used [0x73500000,0x7430a9d8,0x75e00000)
 PSPermGen       total 16384K, used 3709K [0x6f500000, 0x70500000, 0x73500000)
  object space 16384K, 22% used [0x6f500000,0x6f89f480,0x70500000)
Event: 14.185 GC heap after
Heap after GC invocations=7 (full 0):
 PSYoungGen      total 72448K, used 8954K [0x9df80000, 0xa7800000, 0xb3500000)
  eden space 63488K, 0% used [0x9df80000,0x9df80000,0xa1d80000)
  from space 8960K, 99% used [0xa1d80000,0xa263e918,0xa2640000)
  to   space 14592K, 0% used [0xa69c0000,0xa69c0000,0xa7800000)
 ParOldGen       total 41984K, used 23545K [0x73500000, 0x75e00000, 0x9df80000)
  object space 41984K, 56% used [0x73500000,0x74bfe560,0x75e00000)
 PSPermGen       total 16384K, used 3709K [0x6f500000, 0x70500000, 0x73500000)
  object space 16384K, 22% used [0x6f500000,0x6f89f480,0x70500000)
}
Event: 16.671 GC heap before
{Heap before GC invocations=8 (full 0):
 PSYoungGen      total 72448K, used 72442K [0x9df80000, 0xa7800000, 0xb3500000)
  eden space 63488K, 100% used [0x9df80000,0xa1d80000,0xa1d80000)
  from space 8960K, 99% used [0xa1d80000,0xa263e918,0xa2640000)
  to   space 14592K, 0% used [0xa69c0000,0xa69c0000,0xa7800000)
 ParOldGen       total 41984K, used 23545K [0x73500000, 0x75e00000, 0x9df80000)
  object space 41984K, 56% used [0x73500000,0x74bfe560,0x75e00000)
 PSPermGen       total 16384K, used 3714K [0x6f500000, 0x70500000, 0x73500000)
  object space 16384K, 22% used [0x6f500000,0x6f8a0ac8,0x70500000)
Event: 16.757 GC heap after
Heap after GC invocations=8 (full 0):
 PSYoungGen      total 137216K, used 14590K [0x9df80000, 0xa8080000, 0xb3500000)
  eden space 122624K, 0% used [0x9df80000,0x9df80000,0xa5740000)
  from space 14592K, 99% used [0xa69c0000,0xa77ff940,0xa7800000)
  to   space 18944K, 0% used [0xa5740000,0xa5740000,0xa69c0000)
 ParOldGen       total 41984K, used 28041K [0x73500000, 0x75e00000, 0x9df80000)
  object space 41984K, 66% used [0x73500000,0x75062410,0x75e00000)
 PSPermGen       total 16384K, used 3714K [0x6f500000, 0x70500000, 0x73500000)
  object space 16384K, 22% used [0x6f500000,0x6f8a0ac8,0x70500000)
}
Event: 18.921 GC heap before
{Heap before GC invocations=9 (full 0):
 PSYoungGen      total 137216K, used 137214K [0x9df80000, 0xa8080000, 0xb3500000)
  eden space 122624K, 100% used [0x9df80000,0xa5740000,0xa5740000)
  from space 14592K, 99% used [0xa69c0000,0xa77ff940,0xa7800000)
  to   space 18944K, 0% used [0xa5740000,0xa5740000,0xa69c0000)
 ParOldGen       total 41984K, used 28041K [0x73500000, 0x75e00000, 0x9df80000)
  object space 41984K, 66% used [0x73500000,0x75062410,0x75e00000)
 PSPermGen       total 16384K, used 3742K [0x6f500000, 0x70500000, 0x73500000)
  object space 16384K, 22% used [0x6f500000,0x6f8a79f8,0x70500000)

